{"C:\\Users\\alghesqu\\OneDrive - Capgemini\\Desktop\\EPSI\\Semaine 2 _JS_Integration continue\\Cours JavaScript\\Exercices\\capgemini API\\app.js": {"path":"C:\\Users\\alghesqu\\OneDrive - Capgemini\\Desktop\\EPSI\\Semaine 2 _JS_Integration continue\\Cours JavaScript\\Exercices\\capgemini API\\app.js","statementMap":{"0":{"start":{"line":3,"column":12},"end":{"line":3,"column":21}},"1":{"start":{"line":4,"column":17},"end":{"line":14,"column":1}},"2":{"start":{"line":16,"column":0},"end":{"line":18,"column":3}},"3":{"start":{"line":17,"column":2},"end":{"line":17,"column":31}},"4":{"start":{"line":20,"column":0},"end":{"line":22,"column":3}},"5":{"start":{"line":21,"column":2},"end":{"line":21,"column":33}}},"fnMap":{"0":{"name":"(anonymous_0)","decl":{"start":{"line":16,"column":13},"end":{"line":16,"column":14}},"loc":{"start":{"line":16,"column":33},"end":{"line":18,"column":1}},"line":16},"1":{"name":"(anonymous_1)","decl":{"start":{"line":20,"column":25},"end":{"line":20,"column":26}},"loc":{"start":{"line":20,"column":45},"end":{"line":22,"column":1}},"line":20}},"branchMap":{},"s":{"0":1,"1":1,"2":1,"3":0,"4":1,"5":0},"f":{"0":0,"1":0},"b":{},"_coverageSchema":"1a1c01bbd47fc00a2c39e90264f33305004495a9","hash":"ec2aa786f8307492cfbaa5c986d62fe064a55549"}
}
